[4372:15648:0506/013931.822:WARNING:chrome_main_delegate.cc(745)] This is Chrome version 128.0.6613.138 (not a warning)
[4372:15648:0506/013931.961:WARNING:account_consistency_mode_manager.cc(77)] Desktop Identity Consistency cannot be enabled as no OAuth client ID and client secret have been configured.
[4372:8156:0506/013937.945:WARNING:leveldb_database.cc(141)] Unable to open S:\UNREAL ENGINE\UE BACKUP\BIBOP_2-6_UE\Saved\webcache_6613\Default\shared_proto_db\metadata: IO error: S:\UNREAL ENGINE\UE BACKUP\BIBOP_2-6_UE\Saved\webcache_6613\Default\shared_proto_db\metadata/MANIFEST-000001: Unable to create sequential file (ChromeMethodBFE: 7::NewSequentialFile::1)
[4372:8156:0506/013937.953:WARNING:leveldb_database.cc(141)] Unable to open S:\UNREAL ENGINE\UE BACKUP\BIBOP_2-6_UE\Saved\webcache_6613\Default\shared_proto_db\metadata: IO error: S:\UNREAL ENGINE\UE BACKUP\BIBOP_2-6_UE\Saved\webcache_6613\Default\shared_proto_db\metadata/MANIFEST-000001: Unable to create sequential file (ChromeMethodBFE: 7::NewSequentialFile::1)
[4372:8156:0506/013937.963:WARNING:leveldb_database.cc(141)] Unable to open S:\UNREAL ENGINE\UE BACKUP\BIBOP_2-6_UE\Saved\webcache_6613\Default\shared_proto_db\metadata: IO error: S:\UNREAL ENGINE\UE BACKUP\BIBOP_2-6_UE\Saved\webcache_6613\Default\shared_proto_db\metadata/MANIFEST-000001: Unable to create sequential file (ChromeMethodBFE: 7::NewSequentialFile::1)
[4372:8156:0506/013937.970:WARNING:leveldb_database.cc(141)] Unable to open S:\UNREAL ENGINE\UE BACKUP\BIBOP_2-6_UE\Saved\webcache_6613\Default\shared_proto_db\metadata: IO error: S:\UNREAL ENGINE\UE BACKUP\BIBOP_2-6_UE\Saved\webcache_6613\Default\shared_proto_db\metadata/MANIFEST-000001: Unable to create sequential file (ChromeMethodBFE: 7::NewSequentialFile::1)
[15492:14608:0506/013939.508:ERROR:backend_impl.cc(989)] Critical error found -8
[4372:13196:0506/013939.512:WARNING:value_store_frontend.cc(47)] Reading ahfgeienlihckogmohjhadlkjgocpleb.alarms from  failed: IO error: .../MANIFEST-000001: Unable to create sequential file (ChromeMethodBFE: 7::NewSequentialFile::1)
[4372:13196:0506/013939.520:WARNING:value_store_frontend.cc(47)] Reading mhjfbmdgcfjbbpaeojofohoefgiehjai.alarms from  failed: IO error: .../MANIFEST-000001: Unable to create sequential file (ChromeMethodBFE: 7::NewSequentialFile::1)
[15492:14608:0506/013939.577:WARNING:storage_block-inl.h(138)] Failed data load.
[15492:14608:0506/013939.578:WARNING:storage_block-inl.h(138)] Failed data load.
[15492:14608:0506/013939.578:WARNING:storage_block-inl.h(138)] Failed data load.
[15492:14608:0506/013939.594:WARNING:storage_block-inl.h(138)] Failed data load.
[15492:14608:0506/013939.594:ERROR:entry_impl.cc(955)] Failed to save user data
[15492:14608:0506/013939.594:ERROR:entry_impl.cc(955)] Failed to save user data
[4372:20984:0506/013939.595:WARNING:leveldb_database.cc(141)] Unable to open S:\UNREAL ENGINE\UE BACKUP\BIBOP_2-6_UE\Saved\webcache_6613\Default\GCM Store\Encryption: IO error: S:\UNREAL ENGINE\UE BACKUP\BIBOP_2-6_UE\Saved\webcache_6613\Default\GCM Store\Encryption/MANIFEST-000001: Unable to create sequential file (ChromeMethodBFE: 7::NewSequentialFile::1)
[14956:17332:0506/013940.609:WARNING:frame_impl.cc(430)] virtual CefFrameImpl::SendProcessMessage sent to detached frame 5-9007CFE566E5F3075E8373910F734775 will be ignored
[4372:4732:0506/013943.942:WARNING:browser_info.cc(345)] Returning a speculative frame for [7,9]
[4372:15648:0506/013944.278:WARNING:browser_info.cc(345)] Returning a speculative frame for [10,5]
[4372:15648:0506/013944.278:WARNING:browser_info.cc(345)] Returning a speculative frame for [10,5]
[4372:15648:0506/013944.278:WARNING:browser_info.cc(345)] Returning a speculative frame for [10,5]
[4372:15648:0506/013944.279:WARNING:browser_info.cc(345)] Returning a speculative frame for [10,5]
[4372:4732:0506/013945.274:WARNING:browser_info.cc(345)] Returning a speculative frame for [10,5]
[11480:1696:0506/013950.269:WARNING:codec.cc(525)] Explicitly added H264 constrained baseline to list of supported formats.
[11480:1696:0506/013950.558:WARNING:codec.cc(525)] Explicitly added H264 constrained baseline to list of supported formats.
[11480:10464:0506/013950.581:WARNING:codec.cc(525)] Explicitly added H264 constrained baseline to list of supported formats.
[11480:10464:0506/013950.581:WARNING:codec.cc(525)] Explicitly added H264 constrained baseline to list of supported formats.
[11480:10464:0506/013950.582:WARNING:codec.cc(525)] Explicitly added H264 constrained baseline to list of supported formats.
[15492:22076:0506/013956.889:ERROR:socket_manager.cc(147)] Failed to resolve address for stun.cloudflare.com., errorcode: -105
[15492:22076:0506/013956.889:ERROR:socket_manager.cc(147)] Failed to resolve address for stun.cloudflare.com., errorcode: -105
[15492:22076:0506/013956.889:ERROR:socket_manager.cc(147)] Failed to resolve address for stun.cloudflare.com., errorcode: -105
[17100:22028:0506/014201.271:ERROR:shared_image_manager.cc(224)] SharedImageManager::ProduceSkia: Trying to Produce a Skia representation from a non-existent mailbox.
[17100:22028:0506/014201.271:ERROR:shared_image_manager.cc(224)] SharedImageManager::ProduceSkia: Trying to Produce a Skia representation from a non-existent mailbox.
[4372:15648:0506/020149.859:ERROR:device_event_log_impl.cc(196)] [02:01:49.727] USB: usb_service_win.cc:105 SetupDiGetDeviceProperty({{A45C254E-DF1C-4EFD-8020-67D146A850E0}, 6}) failed: Элемент не найден. (0x490)
[4372:15648:0506/020149.859:ERROR:device_event_log_impl.cc(196)] [02:01:49.739] USB: usb_service_win.cc:105 SetupDiGetDeviceProperty({{A45C254E-DF1C-4EFD-8020-67D146A850E0}, 6}) failed: Элемент не найден. (0x490)
[4372:15648:0506/020208.864:ERROR:device_event_log_impl.cc(196)] [02:02:08.768] USB: usb_service_win.cc:105 SetupDiGetDeviceProperty({{A45C254E-DF1C-4EFD-8020-67D146A850E0}, 6}) failed: Элемент не найден. (0x490)
[4372:15648:0506/020208.865:ERROR:device_event_log_impl.cc(196)] [02:02:08.806] USB: usb_service_win.cc:308 SetupDiEnumDeviceInterfaces: Дополнительные данные отсутствуют. (0x103)
[4372:15648:0506/020208.865:ERROR:device_event_log_impl.cc(196)] [02:02:08.837] USB: usb_service_win.cc:308 SetupDiEnumDeviceInterfaces: Дополнительные данные отсутствуют. (0x103)
[4372:15648:0506/020208.865:ERROR:device_event_log_impl.cc(196)] [02:02:08.844] USB: usb_service_win.cc:105 SetupDiGetDeviceProperty({{A45C254E-DF1C-4EFD-8020-67D146A850E0}, 6}) failed: Элемент не найден. (0x490)
[4372:15648:0506/020208.865:ERROR:device_event_log_impl.cc(196)] [02:02:08.849] USB: usb_service_win.cc:308 SetupDiEnumDeviceInterfaces: Дополнительные данные отсутствуют. (0x103)
[4372:15648:0506/051402.990:WARNING:page_discarding_helper.cc(138)] Discarding multiple pages with target (kb): 0
[4372:15648:0506/051935.495:WARNING:page_discarding_helper.cc(138)] Discarding multiple pages with target (kb): 0
[4372:15648:0506/051945.655:WARNING:page_discarding_helper.cc(138)] Discarding multiple pages with target (kb): 0
[4372:15648:0506/052632.563:WARNING:page_discarding_helper.cc(138)] Discarding multiple pages with target (kb): 0
[4372:15648:0506/053734.759:WARNING:page_discarding_helper.cc(138)] Discarding multiple pages with target (kb): 0
[4372:15648:0506/053919.101:WARNING:page_discarding_helper.cc(138)] Discarding multiple pages with target (kb): 0
[4372:15648:0506/055248.410:WARNING:page_discarding_helper.cc(138)] Discarding multiple pages with target (kb): 0
[4372:15648:0506/061151.827:WARNING:pref_notifier_impl.cc(41)] Pref observer for media_router.cast_allow_all_ips found at shutdown.
