[1508:16368:0322/181328.098:WARNING:chrome_main_delegate.cc(745)] This is Chrome version 128.0.6613.138 (not a warning)
[1508:16368:0322/181328.177:WARNING:account_consistency_mode_manager.cc(77)] Desktop Identity Consistency cannot be enabled as no OAuth client ID and client secret have been configured.
[1508:20980:0322/181331.851:WARNING:leveldb_database.cc(141)] Unable to open S:\UNREAL ENGINE\UE BACKUP\BIBOP_2_UE\Saved\webcache_6613\Default\shared_proto_db\metadata: IO error: S:\UNREAL ENGINE\UE BACKUP\BIBOP_2_UE\Saved\webcache_6613\Default\shared_proto_db\metadata/MANIFEST-000001: Unable to create sequential file (ChromeMethodBFE: 7::NewSequentialFile::1)
[1508:20980:0322/181331.859:WARNING:leveldb_database.cc(141)] Unable to open S:\UNREAL ENGINE\UE BACKUP\BIBOP_2_UE\Saved\webcache_6613\Default\shared_proto_db\metadata: IO error: S:\UNREAL ENGINE\UE BACKUP\BIBOP_2_UE\Saved\webcache_6613\Default\shared_proto_db\metadata/MANIFEST-000001: Unable to create sequential file (ChromeMethodBFE: 7::NewSequentialFile::1)
[1508:20980:0322/181331.867:WARNING:leveldb_database.cc(141)] Unable to open S:\UNREAL ENGINE\UE BACKUP\BIBOP_2_UE\Saved\webcache_6613\Default\shared_proto_db\metadata: IO error: S:\UNREAL ENGINE\UE BACKUP\BIBOP_2_UE\Saved\webcache_6613\Default\shared_proto_db\metadata/MANIFEST-000001: Unable to create sequential file (ChromeMethodBFE: 7::NewSequentialFile::1)
[1508:20980:0322/181331.874:WARNING:leveldb_database.cc(141)] Unable to open S:\UNREAL ENGINE\UE BACKUP\BIBOP_2_UE\Saved\webcache_6613\Default\shared_proto_db\metadata: IO error: S:\UNREAL ENGINE\UE BACKUP\BIBOP_2_UE\Saved\webcache_6613\Default\shared_proto_db\metadata/MANIFEST-000001: Unable to create sequential file (ChromeMethodBFE: 7::NewSequentialFile::1)
[1508:20980:0322/181336.952:WARNING:value_store_frontend.cc(47)] Reading ahfgeienlihckogmohjhadlkjgocpleb.alarms from  failed: IO error: .../MANIFEST-000001: Unable to create sequential file (ChromeMethodBFE: 7::NewSequentialFile::1)
[1508:20980:0322/181336.962:WARNING:value_store_frontend.cc(47)] Reading mhjfbmdgcfjbbpaeojofohoefgiehjai.alarms from  failed: IO error: .../MANIFEST-000001: Unable to create sequential file (ChromeMethodBFE: 7::NewSequentialFile::1)
[1508:22488:0322/181337.024:WARNING:leveldb_database.cc(141)] Unable to open S:\UNREAL ENGINE\UE BACKUP\BIBOP_2_UE\Saved\webcache_6613\Default\GCM Store\Encryption: IO error: S:\UNREAL ENGINE\UE BACKUP\BIBOP_2_UE\Saved\webcache_6613\Default\GCM Store\Encryption/MANIFEST-000001: Unable to create sequential file (ChromeMethodBFE: 7::NewSequentialFile::1)
[6788:21744:0322/181338.995:WARNING:frame_impl.cc(430)] virtual CefFrameImpl::SendProcessMessage sent to detached frame 5-B14778513CF4F1BB7B8A8874E1D84135 will be ignored
[1508:23332:0322/191438.580:WARNING:dns_config_service_win.cc(605)] Failed to read DnsConfig.
[20436:22216:0322/191438.635:WARNING:dns_config_service_win.cc(605)] Failed to read DnsConfig.
[20436:16640:0322/191451.577:WARNING:dns_config_service_win.cc(605)] Failed to read DnsConfig.
[1508:23332:0322/191451.604:WARNING:dns_config_service_win.cc(605)] Failed to read DnsConfig.
[20436:22216:0322/191458.579:WARNING:dns_config_service_win.cc(605)] Failed to read DnsConfig.
[1508:23332:0322/191458.593:WARNING:dns_config_service_win.cc(605)] Failed to read DnsConfig.
[20436:22216:0322/200932.597:WARNING:dns_config_service_win.cc(605)] Failed to read DnsConfig.
[1508:23332:0322/200932.611:WARNING:dns_config_service_win.cc(605)] Failed to read DnsConfig.
[20436:22216:0322/200937.581:WARNING:dns_config_service_win.cc(605)] Failed to read DnsConfig.
[1508:23332:0322/200937.585:WARNING:dns_config_service_win.cc(605)] Failed to read DnsConfig.
[1508:16368:0322/203511.787:ERROR:device_event_log_impl.cc(196)] [20:35:11.522] USB: usb_service_win.cc:105 SetupDiGetDeviceProperty({{A45C254E-DF1C-4EFD-8020-67D146A850E0}, 6}) failed: Элемент не найден. (0x490)
[20436:16640:0322/204233.596:WARNING:dns_config_service_win.cc(605)] Failed to read DnsConfig.
[1508:23332:0322/204233.604:WARNING:dns_config_service_win.cc(605)] Failed to read DnsConfig.
[20436:22216:0322/204247.563:WARNING:dns_config_service_win.cc(605)] Failed to read DnsConfig.
[1508:20980:0322/204247.568:WARNING:dns_config_service_win.cc(605)] Failed to read DnsConfig.
[20436:22216:0322/204254.556:WARNING:dns_config_service_win.cc(605)] Failed to read DnsConfig.
[1508:23332:0322/204254.580:WARNING:dns_config_service_win.cc(605)] Failed to read DnsConfig.
[1508:16368:0323/141724.854:WARNING:pref_notifier_impl.cc(41)] Pref observer for media_router.cast_allow_all_ips found at shutdown.
